<?xml version="1.0" encoding="utf-8"?><testsuites name="pytest tests"><testsuite name="pytest" errors="0" failures="0" skipped="0" tests="164" time="102.864" timestamp="2026-05-28T23:13:43.379982+00:00" hostname="e2b.local"><testcase classname="tests.test_ablation_helpers.TestHadamardDistributionTvd" name="test_identical_diagonals_give_zero" time="0.303" /><testcase classname="tests.test_ablation_helpers.TestHadamardDistributionTvd" name="test_distinct_diagonals_give_positive_tvd" time="0.011" /><testcase classname="tests.test_ablation_helpers.TestHadamardDistributionTvd" name="test_tvd_bounded_between_zero_and_one" time="0.010" /><testcase classname="tests.test_ablation_helpers.TestHadamardDistributionTvd" name="test_tvd_is_symmetric" time="0.001" /><testcase classname="tests.test_ablation_helpers.TestHadamardDistributionTvd" name="test_no_complex_warning_on_complex_input" time="0.121" /><testcase classname="tests.test_ablation_helpers.TestHadamardDistributionTvd" name="test_partial_overlap_gives_intermediate_tvd" time="0.062" /><testcase classname="tests.test_ablation_helpers.TestPredictRealConversion" name="test_predict_returns_complex" time="2.292" /><testcase classname="tests.test_ablation_helpers.TestPredictRealConversion" name="test_predict_real_is_plus_minus_one" time="0.438" /><testcase classname="tests.test_ablation_helpers.TestPredictRealConversion" name="test_predict_real_same_length_as_truth_table" time="1.083" /><testcase classname="tests.test_ablation_helpers.TestPredictRealConversion" name="test_no_complexwarning_when_tvd_called_on_predict" time="0.156" /><testcase classname="tests.test_ablation_helpers.TestBinarySearchContract" name="test_m_cold_within_bounds" time="0.009" /><testcase classname="tests.test_ablation_helpers.TestBinarySearchContract" name="test_m_warm_within_bounds" time="0.009" /><testcase classname="tests.test_ablation_helpers.TestBinarySearchContract" name="test_m_cold_at_full_budget_passes_epsilon" time="0.002" /><testcase classname="tests.test_ablation_helpers.TestBinarySearchContract" name="test_m_warm_at_full_budget_passes_epsilon" time="0.164" /><testcase classname="tests.test_ablation_helpers.TestBinarySearchContract" name="test_m_warm_not_pinned_to_m_max" time="3.167" /><testcase classname="tests.test_ablation_helpers.TestBinarySearchContract" name="test_m_warm_not_pinned_to_floor" time="1.845" /><testcase classname="tests.test_adaptive_boolean" name="test_uniform_oracle_converges" time="0.461" /><testcase classname="tests.test_adaptive_boolean" name="test_adaptive_oracle_converges" time="0.143" /><testcase classname="tests.test_adaptive_boolean" name="test_pilot_frac_zero_fallback" time="0.138" /><testcase classname="tests.test_adaptive_boolean" name="test_weights_sum_to_one" time="0.121" /><testcase classname="tests.test_adaptive_boolean" name="test_uniform_function_fallback" time="0.052" /><testcase classname="tests.test_adaptive_boolean" name="test_off_support_entries_are_one" time="0.771" /><testcase classname="tests.test_adaptive_boolean" name="test_adaptive_nk_improvement_factor" time="0.149" /><testcase classname="tests.test_adaptive_boolean" name="test_adaptive_beats_uniform_at_equal_M_large_N" time="0.194" /><testcase classname="tests.test_core.TestStateSketchFlat" name="test_norm_preservation" time="0.736" /><testcase classname="tests.test_core.TestStateSketchFlat" name="test_reconstruction" time="0.061" /><testcase classname="tests.test_core.TestStateSketchGeneral" name="test_success_probability_and_error" time="4.753" /><testcase classname="tests.test_core.TestOracleSketchBoolean" name="test_phase_oracle" time="0.285" /><testcase classname="tests.test_core.TestOracleSketchMatrixElement" name="test_element_oracle" time="4.453" /><testcase classname="tests.test_core.TestOracleSketchMatrixRowIndex" name="test_index_reconstruction" time="2.369" /><testcase classname="tests.test_core.TestOracleSketchMatrixIndex" name="test_index_reconstruction_with_rank" time="2.680" /><testcase classname="tests.test_core.TestFullBlockEncoding" name="test_combined_block_encoding" time="3.314" /><testcase classname="tests.test_hierarchical_sketch" name="test_hierarchical_uses_fewer_samples_than_zhao_reference" time="1.848" /><testcase classname="tests.test_hierarchical_sketch" name="test_hierarchical_diagonal_accuracy_on_support" time="0.217" /><testcase classname="tests.test_hierarchical_sketch" name="test_more_levels_fewer_samples" time="0.679" /><testcase classname="tests.test_hierarchical_sketch" name="test_improvement_ratio_at_least_one" time="0.014" /><testcase classname="tests.test_interferometric_shadow" name="test_shadow_builds" time="1.753" /><testcase classname="tests.test_interferometric_shadow" name="test_shadow_prediction_shape" time="2.263" /><testcase classname="tests.test_interferometric_shadow" name="test_shadow_error_bound" time="0.032" /><testcase classname="tests.test_interferometric_shadow" name="test_shadow_predictions_bounded" time="1.344" /><testcase classname="tests.test_k_forrelation" name="test_k2_forrelation_matches_paper_formula" time="0.876" /><testcase classname="tests.test_k_forrelation" name="test_quantum_query_zero_error_for_exact_oracle" time="0.104" /><testcase classname="tests.test_k_forrelation" name="test_classical_complexity_increases_with_k" time="0.033" /><testcase classname="tests.test_k_forrelation" name="test_noise_degrades_forrelation_estimate" time="0.631" /><testcase classname="tests.test_kernel_shadow" name="test_kernel_is_nonnegative" time="0.545" /><testcase classname="tests.test_kernel_shadow" name="test_kernel_diagonal_equals_one" time="0.001" /><testcase classname="tests.test_kernel_shadow" name="test_kernel_svm_perfect_on_separable_data" time="1.653" /><testcase classname="tests.test_kernel_shadow" name="test_interferometric_prediction_binary" time="1.128" /><testcase classname="tests.test_kernel_shadow" name="test_prediction_uses_alpha_not_nearest_neighbor" time="0.004" /><testcase classname="tests.test_lower_bound.TestComputeBounds" name="test_improvement_factor_equals_N_over_K" time="0.000" /><testcase classname="tests.test_lower_bound.TestComputeBounds" name="test_uniform_greater_than_adaptive_for_sparse" time="0.000" /><testcase classname="tests.test_lower_bound.TestComputeBounds" name="test_lower_bound_scales_with_K" time="0.000" /><testcase classname="tests.test_lower_bound.TestComputeBounds" name="test_lower_bound_scales_inverse_epsilon_squared" time="0.000" /><testcase classname="tests.test_lower_bound.TestComputeBounds" name="test_is_tight_flag" time="0.000" /><testcase classname="tests.test_lower_bound.TestComputeBounds" name="test_full_support_K_equals_N" time="0.000" /><testcase classname="tests.test_lower_bound.TestAdversarialSparseFunction" name="test_correct_support_size" time="0.633" /><testcase classname="tests.test_lower_bound.TestAdversarialSparseFunction" name="test_correct_shape" time="0.493" /><testcase classname="tests.test_lower_bound.TestAdversarialSparseFunction" name="test_different_keys_give_different_functions" time="0.163" /><testcase classname="tests.test_lower_bound.TestUniformVsAdaptiveErrorComparison" name="test_returns_correct_keys" time="0.328" /><testcase classname="tests.test_lower_bound.TestUniformVsAdaptiveErrorComparison" name="test_errors_are_nonnegative" time="0.118" /><testcase classname="tests.test_lower_bound.TestUniformVsAdaptiveErrorComparison" name="test_adaptive_not_worse_on_average" time="0.604" /><testcase classname="tests.test_lower_bound.TestNisqAdaptiveCrossover" name="test_noise_floor_within_range" time="0.000" /><testcase classname="tests.test_lower_bound.TestNisqAdaptiveCrossover" name="test_adaptive_beneficial_when_budget_remains" time="0.000" /><testcase classname="tests.test_lower_bound.TestNisqAdaptiveCrossover" name="test_improvement_factor_preserved_under_noise" time="0.000" /><testcase classname="tests.test_lower_bound.TestTightnessSweep" name="test_returns_list_of_bound_results" time="0.000" /><testcase classname="tests.test_lower_bound.TestTightnessSweep" name="test_improvement_increases_as_K_decreases" time="0.000" /><testcase classname="tests.test_noise_model" name="test_depolarizing_zero_noise_is_identity" time="0.363" /><testcase classname="tests.test_noise_model" name="test_depolarizing_high_noise_collapses_to_maximally_mixed" time="0.076" /><testcase classname="tests.test_noise_model" name="test_crossover_monotone_in_noise_rate" time="0.031" /><testcase classname="tests.test_noise_model" name="test_compose_errors_triangle_inequality" time="0.000" /><testcase classname="tests.test_non_iid_scaling" name="test_iid_baseline_matches_theorem_d12" time="1.792" /><testcase classname="tests.test_non_iid_scaling" name="test_error_increases_with_repetition_number" time="0.390" /><testcase classname="tests.test_non_iid_scaling" name="test_fit_exponent_returns_dict_with_keys" time="0.340" /><testcase classname="tests.test_primitives" name="test_amplitude_amplification_exact" time="12.031" /><testcase classname="tests.test_primitives" name="test_amplitude_amplification_imperfect" time="3.859" /><testcase classname="tests.test_primitives" name="test_amplitude_amplification_zero_norm_raises" time="0.062" /><testcase classname="tests.test_qsvt" name="test_get_qsvt_angles_even_polynomial" time="0.090" /><testcase classname="tests.test_qsvt" name="test_get_qsvt_angles_odd_polynomial" time="0.161" /><testcase classname="tests.test_qsvt" name="test_apply_qsvt_identity_approximation" time="2.826" /><testcase classname="tests.test_qsvt" name="test_apply_qsvt_inverse" time="3.439" /><testcase classname="tests.test_qsvt" name="test_apply_qsvt_sign" time="0.338" /><testcase classname="tests.test_qsvt" name="test_apply_qsvt_diag" time="1.246" /><testcase classname="tests.test_qsvt" name="test_apply_qsvt_imperfect_noise" time="0.485" /><testcase classname="tests.test_theory_fixes" name="test_variational_warmstart_beats_baseline" time="5.156" /><testcase classname="tests.test_theory_fixes" name="test_shadow_error_decays_with_T" time="11.192" /><testcase classname="tests.test_tvd_core.TestTvdDiag" name="test_identity[2]" time="0.001" /><testcase classname="tests.test_tvd_core.TestTvdDiag" name="test_identity[3]" time="0.001" /><testcase classname="tests.test_tvd_core.TestTvdDiag" name="test_identity[4]" time="0.001" /><testcase classname="tests.test_tvd_core.TestTvdDiag" name="test_identity[6]" time="0.000" /><testcase classname="tests.test_tvd_core.TestTvdDiag" name="test_opposite_diagonals[2]" time="0.001" /><testcase classname="tests.test_tvd_core.TestTvdDiag" name="test_opposite_diagonals[3]" time="0.001" /><testcase classname="tests.test_tvd_core.TestTvdDiag" name="test_opposite_diagonals[4]" time="0.001" /><testcase classname="tests.test_tvd_core.TestTvdDiag" name="test_opposite_diagonals[6]" time="0.001" /><testcase classname="tests.test_tvd_core.TestTvdDiag" name="test_symmetric[2]" time="0.001" /><testcase classname="tests.test_tvd_core.TestTvdDiag" name="test_symmetric[3]" time="0.000" /><testcase classname="tests.test_tvd_core.TestTvdDiag" name="test_symmetric[4]" time="0.000" /><testcase classname="tests.test_tvd_core.TestTvdDiag" name="test_symmetric[6]" time="0.000" /><testcase classname="tests.test_tvd_core.TestTvdDiag" name="test_in_unit_interval[2]" time="0.001" /><testcase classname="tests.test_tvd_core.TestTvdDiag" name="test_in_unit_interval[3]" time="0.001" /><testcase classname="tests.test_tvd_core.TestTvdDiag" name="test_in_unit_interval[4]" time="0.001" /><testcase classname="tests.test_tvd_core.TestTvdDiag" name="test_in_unit_interval[6]" time="0.000" /><testcase classname="tests.test_tvd_core.TestTvdDiag" name="test_triangle_inequality[2]" time="0.000" /><testcase classname="tests.test_tvd_core.TestTvdDiag" name="test_triangle_inequality[3]" time="0.001" /><testcase classname="tests.test_tvd_core.TestTvdDiag" name="test_triangle_inequality[4]" time="0.000" /><testcase classname="tests.test_tvd_core.TestTvdDiag" name="test_triangle_inequality[6]" time="0.001" /><testcase classname="tests.test_tvd_core.TestTvdDiag" name="test_single_bit_flip_is_1_over_N[2]" time="0.001" /><testcase classname="tests.test_tvd_core.TestTvdDiag" name="test_single_bit_flip_is_1_over_N[3]" time="0.001" /><testcase classname="tests.test_tvd_core.TestTvdDiag" name="test_single_bit_flip_is_1_over_N[4]" time="0.001" /><testcase classname="tests.test_tvd_core.TestTvdDiag" name="test_single_bit_flip_is_1_over_N[6]" time="0.000" /><testcase classname="tests.test_tvd_core.TestTvdDiag" name="test_handles_complex_input_silently" time="0.000" /><testcase classname="tests.test_tvd_core.TestTvdDiag" name="test_normalisation_against_full_table" time="0.000" /><testcase classname="tests.test_tvd_core.TestHadamardDistributionTvd" name="test_probs_sum_to_one[2]" time="0.001" /><testcase classname="tests.test_tvd_core.TestHadamardDistributionTvd" name="test_probs_sum_to_one[3]" time="0.001" /><testcase classname="tests.test_tvd_core.TestHadamardDistributionTvd" name="test_probs_sum_to_one[4]" time="0.001" /><testcase classname="tests.test_tvd_core.TestHadamardDistributionTvd" name="test_probs_sum_to_one[6]" time="0.001" /><testcase classname="tests.test_tvd_core.TestHadamardDistributionTvd" name="test_identity[2]" time="0.001" /><testcase classname="tests.test_tvd_core.TestHadamardDistributionTvd" name="test_identity[3]" time="0.001" /><testcase classname="tests.test_tvd_core.TestHadamardDistributionTvd" name="test_identity[4]" time="0.001" /><testcase classname="tests.test_tvd_core.TestHadamardDistributionTvd" name="test_identity[6]" time="0.001" /><testcase classname="tests.test_tvd_core.TestHadamardDistributionTvd" name="test_global_sign_invariance[2]" time="0.001" /><testcase classname="tests.test_tvd_core.TestHadamardDistributionTvd" name="test_global_sign_invariance[3]" time="0.001" /><testcase classname="tests.test_tvd_core.TestHadamardDistributionTvd" name="test_global_sign_invariance[4]" time="0.004" /><testcase classname="tests.test_tvd_core.TestHadamardDistributionTvd" name="test_global_sign_invariance[6]" time="0.001" /><testcase classname="tests.test_tvd_core.TestHadamardDistributionTvd" name="test_symmetric[2]" time="0.001" /><testcase classname="tests.test_tvd_core.TestHadamardDistributionTvd" name="test_symmetric[3]" time="0.001" /><testcase classname="tests.test_tvd_core.TestHadamardDistributionTvd" name="test_symmetric[4]" time="0.001" /><testcase classname="tests.test_tvd_core.TestHadamardDistributionTvd" name="test_symmetric[6]" time="0.001" /><testcase classname="tests.test_tvd_core.TestHadamardDistributionTvd" name="test_in_unit_interval[2]" time="0.001" /><testcase classname="tests.test_tvd_core.TestHadamardDistributionTvd" name="test_in_unit_interval[3]" time="0.001" /><testcase classname="tests.test_tvd_core.TestHadamardDistributionTvd" name="test_in_unit_interval[4]" time="0.001" /><testcase classname="tests.test_tvd_core.TestHadamardDistributionTvd" name="test_in_unit_interval[6]" time="0.001" /><testcase classname="tests.test_tvd_core.TestHadamardDistributionTvd" name="test_triangle_inequality[2]" time="0.001" /><testcase classname="tests.test_tvd_core.TestHadamardDistributionTvd" name="test_triangle_inequality[3]" time="0.001" /><testcase classname="tests.test_tvd_core.TestHadamardDistributionTvd" name="test_triangle_inequality[4]" time="0.001" /><testcase classname="tests.test_tvd_core.TestHadamardDistributionTvd" name="test_triangle_inequality[6]" time="0.001" /><testcase classname="tests.test_tvd_core.TestHadamardDistributionTvd" name="test_orthogonal_distributions_is_max[2]" time="0.001" /><testcase classname="tests.test_tvd_core.TestHadamardDistributionTvd" name="test_orthogonal_distributions_is_max[3]" time="0.001" /><testcase classname="tests.test_tvd_core.TestHadamardDistributionTvd" name="test_orthogonal_distributions_is_max[4]" time="0.001" /><testcase classname="tests.test_tvd_core.TestHadamardDistributionTvd" name="test_orthogonal_distributions_is_max[6]" time="0.001" /><testcase classname="tests.test_tvd_core.TestHadamardDistributionTvd" name="test_single_bit_flip_scale[2]" time="0.001" /><testcase classname="tests.test_tvd_core.TestHadamardDistributionTvd" name="test_single_bit_flip_scale[3]" time="0.001" /><testcase classname="tests.test_tvd_core.TestHadamardDistributionTvd" name="test_single_bit_flip_scale[4]" time="0.001" /><testcase classname="tests.test_tvd_core.TestHadamardDistributionTvd" name="test_single_bit_flip_scale[6]" time="0.001" /><testcase classname="tests.test_tvd_core" name="test_metrics_disagree_on_global_sign_flip" time="0.000" /><testcase classname="tests.test_tvd_core" name="test_metrics_agree_on_identity" time="0.000" /><testcase classname="tests.test_utils" name="test_unnormalized_hadamard" time="0.211" /><testcase classname="tests.test_utils" name="test_random_unit_vector" time="0.460" /><testcase classname="tests.test_utils" name="test_random_flat_vector" time="0.591" /><testcase classname="tests.test_utils" name="test_random_sparse_matrix" time="1.559" /><testcase classname="tests.test_utils" name="test_random_sparse_matrix_row_sparsity" time="1.385" /><testcase classname="tests.test_utils" name="test_laplacian_matrix" time="0.666" /><testcase classname="tests.test_utils" name="test_generate_random_unitary" time="1.514" /><testcase classname="tests.test_utils" name="test_generate_random_hermitian" time="0.261" /><testcase classname="tests.test_utils" name="test_halmos_dilation" time="1.447" /><testcase classname="tests.test_utils" name="test_hermitian_block_encoding" time="0.269" /><testcase classname="tests.test_utils" name="test_get_block_encoded_raises" time="0.044" /><testcase classname="tests.test_variational_warmstart" name="test_variational_loss_decreases" time="1.473" /><testcase classname="tests.test_variational_warmstart" name="test_variational_oracle_bounded" time="0.244" /><testcase classname="tests.test_variational_warmstart" name="test_variational_basis_shape" time="0.245" /><testcase classname="tests.test_warmstart_e2e" name="test_full_pipeline_converges_at_full_budget" time="0.318" /><testcase classname="tests.test_warmstart_e2e" name="test_diagnose_warmstart_rejects_random_prediction" time="0.001" /><testcase classname="tests.test_warmstart_e2e" name="test_cold_sketch_tvd_monotone_in_budget" time="0.002" /><testcase classname="tests.test_warmstart_e2e" name="test_predict_real_is_pm_one_after_fit" time="0.175" /><testcase classname="tests.test_warmstart_e2e" name="test_complex_input_does_not_corrupt_real_path" time="0.182" /></testsuite></testsuites>