============================= test session starts ==============================
platform linux -- Python 3.12.8, pytest-9.0.3, pluggy-1.6.0 -- /home/user/workspace/quantum_oracle_sketching-7acd62f3/.venv/bin/python
cachedir: .pytest_cache
rootdir: /home/user/workspace/quantum_oracle_sketching-7acd62f3
configfile: pyproject.toml
plugins: fast-array-utils-1.4.1, anyio-4.13.0, zarr-3.2.1, xdist-3.8.0, cov-7.1.0
collecting ... collected 99 items

tests/test_ablation_helpers.py::TestTvdDiag::test_identical_diagonals_give_zero PASSED [  1%]
tests/test_ablation_helpers.py::TestTvdDiag::test_distinct_diagonals_give_positive_tvd PASSED [  2%]
tests/test_ablation_helpers.py::TestTvdDiag::test_tvd_bounded_between_zero_and_one PASSED [  3%]
tests/test_ablation_helpers.py::TestTvdDiag::test_tvd_is_symmetric PASSED [  4%]
tests/test_ablation_helpers.py::TestTvdDiag::test_no_complex_warning_on_complex_input PASSED [  5%]
tests/test_ablation_helpers.py::TestTvdDiag::test_partial_overlap_gives_intermediate_tvd PASSED [  6%]
tests/test_ablation_helpers.py::TestPredictRealConversion::test_predict_returns_complex PASSED [  7%]
tests/test_ablation_helpers.py::TestPredictRealConversion::test_predict_real_is_plus_minus_one PASSED [  8%]
tests/test_ablation_helpers.py::TestPredictRealConversion::test_predict_real_same_length_as_truth_table PASSED [  9%]
tests/test_ablation_helpers.py::TestPredictRealConversion::test_no_complexwarning_when_tvd_called_on_predict PASSED [ 10%]
tests/test_ablation_helpers.py::TestBinarySearchContract::test_m_cold_within_bounds PASSED [ 11%]
tests/test_ablation_helpers.py::TestBinarySearchContract::test_m_warm_within_bounds PASSED [ 12%]
tests/test_ablation_helpers.py::TestBinarySearchContract::test_m_cold_at_full_budget_passes_epsilon PASSED [ 13%]
tests/test_ablation_helpers.py::TestBinarySearchContract::test_m_warm_at_full_budget_passes_epsilon PASSED [ 14%]
tests/test_ablation_helpers.py::TestBinarySearchContract::test_m_warm_not_pinned_to_m_max PASSED [ 15%]
tests/test_ablation_helpers.py::TestBinarySearchContract::test_m_warm_not_pinned_to_floor PASSED [ 16%]
tests/test_adaptive_boolean.py::test_uniform_oracle_converges PASSED     [ 17%]
tests/test_adaptive_boolean.py::test_adaptive_oracle_converges PASSED    [ 18%]
tests/test_adaptive_boolean.py::test_pilot_frac_zero_fallback PASSED     [ 19%]
tests/test_adaptive_boolean.py::test_weights_sum_to_one PASSED           [ 20%]
tests/test_adaptive_boolean.py::test_uniform_function_fallback PASSED    [ 21%]
tests/test_adaptive_boolean.py::test_off_support_entries_are_one PASSED  [ 22%]
tests/test_adaptive_boolean.py::test_adaptive_nk_improvement_factor PASSED [ 23%]
tests/test_adaptive_boolean.py::test_adaptive_beats_uniform_at_equal_M_large_N PASSED [ 24%]
tests/test_core.py::TestStateSketchFlat::test_norm_preservation PASSED   [ 25%]
tests/test_core.py::TestStateSketchFlat::test_reconstruction PASSED      [ 26%]
tests/test_core.py::TestStateSketchGeneral::test_success_probability_and_error PASSED [ 27%]
tests/test_core.py::TestOracleSketchBoolean::test_phase_oracle PASSED    [ 28%]
tests/test_core.py::TestOracleSketchMatrixElement::test_element_oracle PASSED [ 29%]
tests/test_core.py::TestOracleSketchMatrixRowIndex::test_index_reconstruction PASSED [ 30%]
tests/test_core.py::TestOracleSketchMatrixIndex::test_index_reconstruction_with_rank PASSED [ 31%]
tests/test_core.py::TestFullBlockEncoding::test_combined_block_encoding PASSED [ 32%]
tests/test_hierarchical_sketch.py::test_hierarchical_uses_fewer_samples_than_zhao_reference PASSED [ 33%]
tests/test_hierarchical_sketch.py::test_hierarchical_diagonal_accuracy_on_support PASSED [ 34%]
tests/test_hierarchical_sketch.py::test_more_levels_fewer_samples PASSED [ 35%]
tests/test_hierarchical_sketch.py::test_improvement_ratio_at_least_one PASSED [ 36%]
tests/test_interferometric_shadow.py::test_shadow_builds PASSED          [ 37%]
tests/test_interferometric_shadow.py::test_shadow_prediction_shape PASSED [ 38%]
tests/test_interferometric_shadow.py::test_shadow_error_bound PASSED     [ 39%]
tests/test_interferometric_shadow.py::test_shadow_predictions_bounded PASSED [ 40%]
tests/test_k_forrelation.py::test_k2_forrelation_matches_paper_formula PASSED [ 41%]
tests/test_k_forrelation.py::test_quantum_query_zero_error_for_exact_oracle PASSED [ 42%]
tests/test_k_forrelation.py::test_classical_complexity_increases_with_k PASSED [ 43%]
tests/test_k_forrelation.py::test_noise_degrades_forrelation_estimate PASSED [ 44%]
tests/test_kernel_shadow.py::test_kernel_is_nonnegative PASSED           [ 45%]
tests/test_kernel_shadow.py::test_kernel_diagonal_equals_one PASSED      [ 46%]
tests/test_kernel_shadow.py::test_kernel_svm_perfect_on_separable_data PASSED [ 47%]
tests/test_kernel_shadow.py::test_interferometric_prediction_binary PASSED [ 48%]
tests/test_kernel_shadow.py::test_prediction_uses_alpha_not_nearest_neighbor PASSED [ 49%]
tests/test_lower_bound.py::TestComputeBounds::test_improvement_factor_equals_N_over_K PASSED [ 50%]
tests/test_lower_bound.py::TestComputeBounds::test_uniform_greater_than_adaptive_for_sparse PASSED [ 51%]
tests/test_lower_bound.py::TestComputeBounds::test_lower_bound_scales_with_K PASSED [ 52%]
tests/test_lower_bound.py::TestComputeBounds::test_lower_bound_scales_inverse_epsilon_squared PASSED [ 53%]
tests/test_lower_bound.py::TestComputeBounds::test_is_tight_flag PASSED  [ 54%]
tests/test_lower_bound.py::TestComputeBounds::test_full_support_K_equals_N PASSED [ 55%]
tests/test_lower_bound.py::TestAdversarialSparseFunction::test_correct_support_size PASSED [ 56%]
tests/test_lower_bound.py::TestAdversarialSparseFunction::test_correct_shape PASSED [ 57%]
tests/test_lower_bound.py::TestAdversarialSparseFunction::test_different_keys_give_different_functions PASSED [ 58%]
tests/test_lower_bound.py::TestUniformVsAdaptiveErrorComparison::test_returns_correct_keys PASSED [ 59%]
tests/test_lower_bound.py::TestUniformVsAdaptiveErrorComparison::test_errors_are_nonnegative PASSED [ 60%]
tests/test_lower_bound.py::TestUniformVsAdaptiveErrorComparison::test_adaptive_not_worse_on_average PASSED [ 61%]
tests/test_lower_bound.py::TestNisqAdaptiveCrossover::test_noise_floor_within_range PASSED [ 62%]
tests/test_lower_bound.py::TestNisqAdaptiveCrossover::test_adaptive_beneficial_when_budget_remains PASSED [ 63%]
tests/test_lower_bound.py::TestNisqAdaptiveCrossover::test_improvement_factor_preserved_under_noise PASSED [ 64%]
tests/test_lower_bound.py::TestTightnessSweep::test_returns_list_of_bound_results PASSED [ 65%]
tests/test_lower_bound.py::TestTightnessSweep::test_improvement_increases_as_K_decreases PASSED [ 66%]
tests/test_noise_model.py::test_depolarizing_zero_noise_is_identity PASSED [ 67%]
tests/test_noise_model.py::test_depolarizing_high_noise_collapses_to_maximally_mixed PASSED [ 68%]
tests/test_noise_model.py::test_crossover_monotone_in_noise_rate PASSED  [ 69%]
tests/test_noise_model.py::test_compose_errors_triangle_inequality PASSED [ 70%]
tests/test_non_iid_scaling.py::test_iid_baseline_matches_theorem_d12 PASSED [ 71%]
tests/test_non_iid_scaling.py::test_error_increases_with_repetition_number PASSED [ 72%]
tests/test_non_iid_scaling.py::test_fit_exponent_returns_dict_with_keys PASSED [ 73%]
tests/test_primitives.py::test_amplitude_amplification_exact PASSED      [ 74%]
tests/test_primitives.py::test_amplitude_amplification_imperfect PASSED  [ 75%]
tests/test_primitives.py::test_amplitude_amplification_zero_norm_raises PASSED [ 76%]
tests/test_qsvt.py::test_get_qsvt_angles_even_polynomial PASSED          [ 77%]
tests/test_qsvt.py::test_get_qsvt_angles_odd_polynomial PASSED           [ 78%]
tests/test_qsvt.py::test_apply_qsvt_identity_approximation PASSED        [ 79%]
tests/test_qsvt.py::test_apply_qsvt_inverse PASSED                       [ 80%]
tests/test_qsvt.py::test_apply_qsvt_sign PASSED                          [ 81%]
tests/test_qsvt.py::test_apply_qsvt_diag PASSED                          [ 82%]
tests/test_qsvt.py::test_apply_qsvt_imperfect_noise PASSED               [ 83%]
tests/test_theory_fixes.py::test_variational_warmstart_beats_baseline FAILED [ 84%]
tests/test_theory_fixes.py::test_shadow_error_decays_with_T PASSED       [ 85%]
tests/test_utils.py::test_unnormalized_hadamard PASSED                   [ 86%]
tests/test_utils.py::test_random_unit_vector PASSED                      [ 87%]
tests/test_utils.py::test_random_flat_vector PASSED                      [ 88%]
tests/test_utils.py::test_random_sparse_matrix PASSED                    [ 89%]
tests/test_utils.py::test_random_sparse_matrix_row_sparsity PASSED       [ 90%]
tests/test_utils.py::test_laplacian_matrix PASSED                        [ 91%]
tests/test_utils.py::test_generate_random_unitary PASSED                 [ 92%]
tests/test_utils.py::test_generate_random_hermitian PASSED               [ 93%]
tests/test_utils.py::test_halmos_dilation PASSED                         [ 94%]
tests/test_utils.py::test_hermitian_block_encoding PASSED                [ 95%]
tests/test_utils.py::test_get_block_encoded_raises PASSED                [ 96%]
tests/test_variational_warmstart.py::test_variational_loss_decreases PASSED [ 97%]
tests/test_variational_warmstart.py::test_variational_oracle_bounded PASSED [ 98%]
tests/test_variational_warmstart.py::test_variational_basis_shape PASSED [100%]

=================================== FAILURES ===================================
__________________ test_variational_warmstart_beats_baseline ___________________

    def test_variational_warmstart_beats_baseline():
        """Variational error must be strictly less than baseline for all KF."""
        rng = jax.random.PRNGKey(0)
        N = 64
        phases = jax.random.uniform(rng, (N,), minval=0.0, maxval=2 * jnp.pi)
        f = jnp.exp(1j * phases)
    
        for KF in [8, 16, 32]:
>           vw = VariationalWarmstart(
                f,
                num_fourier_modes=KF,
                learning_rate=0.001,
                num_steps=500,
                key=jax.random.PRNGKey(KF),
            )

tests/test_theory_fixes.py:16: 
_ _ _ _ _ _ _ _ _ _ _ _ _ _ _ _ _ _ _ _ _ _ _ _ _ _ _ _ _ _ _ _ _ _ _ _ _ _ _ _ 

self = <qos.theory.variational_warmstart.VariationalWarmstart object at 0x7f5e51f33e30>
truth_table = Array([-0.87159533+0.49022604j,  0.21019255+0.97766001j,
        0.97635538-0.21617164j, -0.89242687-0.45119208j,
    ...-0.72130278j, -0.98240114-0.1867833j ,
        0.98149941-0.19146518j,  0.13776486-0.99046496j],      dtype=complex128)
num_fourier_modes = 8, learning_rate = 0.001, num_steps = 500
key = Array([0, 8], dtype=uint32)

    def __init__(
        self,
        truth_table: jax.Array,
        num_fourier_modes: int = 32,
        learning_rate: float = 0.001,
        num_steps: int = 500,
        key: Optional[jax.Array] = None,
    ):
        truth_arr = jnp.asarray(truth_table)
        self.n = truth_arr.shape[0]
>       self.truth_table = truth_arr.astype(real_dtype)
                           ^^^^^^^^^^^^^^^^^^^^^^^^^^^^

src/qos/theory/variational_warmstart.py:81: 
_ _ _ _ _ _ _ _ _ _ _ _ _ _ _ _ _ _ _ _ _ _ _ _ _ _ _ _ _ _ _ _ _ _ _ _ _ _ _ _ 

self = Array([-0.87159533+0.49022604j,  0.21019255+0.97766001j,
        0.97635538-0.21617164j, -0.89242687-0.45119208j,
    ...-0.72130278j, -0.98240114-0.1867833j ,
        0.98149941-0.19146518j,  0.13776486-0.99046496j],      dtype=complex128)
dtype = <class 'jax.numpy.float64'>, copy = False, device = None

    def _astype(self: Array, dtype: DTypeLike | None, copy: bool = False,
                device: xc.Device | Sharding | None = None) -> Array:
      """Copy the array and cast to a specified dtype.
    
      This is implemented via :func:`jax.lax.convert_element_type`, which may
      have slightly different behavior than :meth:`numpy.ndarray.astype` in
      some cases. In particular, the details of float-to-int and int-to-float
      casts are implementation dependent.
      """
>     return lax_numpy.astype(self, dtype, copy=copy, device=device)
             ^^^^^^^^^^^^^^^^^^^^^^^^^^^^^^^^^^^^^^^^^^^^^^^^^^^^^^^

.venv/lib/python3.12/site-packages/jax/_src/numpy/array_methods.py:125: 
_ _ _ _ _ _ _ _ _ _ _ _ _ _ _ _ _ _ _ _ _ _ _ _ _ _ _ _ _ _ _ _ _ _ _ _ _ _ _ _ 

x = Array([-0.87159533+0.49022604j,  0.21019255+0.97766001j,
        0.97635538-0.21617164j, -0.89242687-0.45119208j,
    ...-0.72130278j, -0.98240114-0.1867833j ,
        0.98149941-0.19146518j,  0.13776486-0.99046496j],      dtype=complex128)
dtype = dtype('float64')

    @export
    def astype(x: ArrayLike, dtype: DTypeLike | None,
               /, *, copy: bool = False,
               device: xc.Device | Sharding | None = None) -> Array:
      """Convert an array to a specified dtype.
    
      JAX implementation of :func:`numpy.astype`.
    
      This is implemented via :func:`jax.lax.convert_element_type`, which may
      have slightly different behavior than :func:`numpy.astype` in some cases.
      In particular, the details of float-to-int and int-to-float casts are
      implementation dependent.
    
      Args:
        x: input array to convert
        dtype: output dtype
        copy: if True, then always return a copy. If False (default) then only
          return a copy if necessary.
        device: optionally specify the device to which the output will be committed.
    
      Returns:
        An array with the same shape as ``x``, containing values of the specified
        dtype.
    
      See Also:
        - :func:`jax.lax.convert_element_type`: lower-level function for XLA-style
          dtype conversions.
    
      Examples:
        >>> x = jnp.array([0, 1, 2, 3])
        >>> x
        Array([0, 1, 2, 3], dtype=int32)
        >>> x.astype('float32')
        Array([0.0, 1.0, 2.0, 3.0], dtype=float32)
    
        >>> y = jnp.array([0.0, 0.5, 1.0])
        >>> y.astype(int)  # truncates fractional values
        Array([0, 0, 1], dtype=int32)
      """
      x_arr = util.ensure_arraylike("astype", x)
    
      if dtype is None:
        dtype = dtypes.default_float_dtype()
      else:
        dtype = dtypes.check_and_canonicalize_user_dtype(dtype, "astype")
      if issubdtype(x_arr.dtype, np.complexfloating):
        if dtypes.isdtype(dtype, ("integral", "real floating")):
>         deprecations.warn(
            "jax-numpy-astype-complex-to-real",
            "Casting from complex to real dtypes will soon raise a ValueError. "
            "Please first use jnp.real or jnp.imag to take the real/imaginary "
            "component of your input.",

.venv/lib/python3.12/site-packages/jax/_src/numpy/lax_numpy.py:5288: 
_ _ _ _ _ _ _ _ _ _ _ _ _ _ _ _ _ _ _ _ _ _ _ _ _ _ _ _ _ _ _ _ _ _ _ _ _ _ _ _ 

deprecation_id = 'jax-numpy-astype-complex-to-real'
message = 'Casting from complex to real dtypes will soon raise a ValueError. Please first use jnp.real or jnp.imag to take the real/imaginary component of your input.'
stacklevel = 2

    def warn(deprecation_id: str, message: str, stacklevel: int, *,
             error_class: type[Exception] = ValueError) -> None:
      """Warns about a deprecation, or errors if the deprecation is accelerated."""
      if is_accelerated(deprecation_id):
        assert issubclass(error_class, Exception)
        raise error_class(message)
      else:
>       warnings.warn(message, category=DeprecationWarning,
                      stacklevel=stacklevel + 1)
E       DeprecationWarning: Casting from complex to real dtypes will soon raise a ValueError. Please first use jnp.real or jnp.imag to take the real/imaginary component of your input.

.venv/lib/python3.12/site-packages/jax/_src/deprecations.py:122: DeprecationWarning
=========================== short test summary info ============================
FAILED tests/test_theory_fixes.py::test_variational_warmstart_beats_baseline - DeprecationWarning: Casting from complex to real dtypes will soon raise a ValueError. Please first use jnp.real or jnp.imag to take the real/imaginary component of your input.
=================== 1 failed, 98 passed in 97.72s (0:01:37) ====================
