============================= test session starts ==============================
platform linux -- Python 3.12.8, pytest-9.0.3, pluggy-1.6.0 -- /home/user/workspace/quantum_oracle_sketching-7acd62f3/.venv/bin/python
cachedir: .pytest_cache
rootdir: /home/user/workspace/quantum_oracle_sketching-7acd62f3
configfile: pyproject.toml
plugins: fast-array-utils-1.4.1, anyio-4.13.0, zarr-3.2.1, xdist-3.8.0, cov-7.1.0
collecting ... collected 137 items

tests/test_ablation_helpers.py::TestTvdDiag::test_identical_diagonals_give_zero PASSED [  0%]
tests/test_ablation_helpers.py::TestTvdDiag::test_distinct_diagonals_give_positive_tvd PASSED [  1%]
tests/test_ablation_helpers.py::TestTvdDiag::test_tvd_bounded_between_zero_and_one PASSED [  2%]
tests/test_ablation_helpers.py::TestTvdDiag::test_tvd_is_symmetric PASSED [  2%]
tests/test_ablation_helpers.py::TestTvdDiag::test_no_complex_warning_on_complex_input PASSED [  3%]
tests/test_ablation_helpers.py::TestTvdDiag::test_partial_overlap_gives_intermediate_tvd PASSED [  4%]
tests/test_ablation_helpers.py::TestPredictRealConversion::test_predict_returns_complex PASSED [  5%]
tests/test_ablation_helpers.py::TestPredictRealConversion::test_predict_real_is_plus_minus_one PASSED [  5%]
tests/test_ablation_helpers.py::TestPredictRealConversion::test_predict_real_same_length_as_truth_table PASSED [  6%]
tests/test_ablation_helpers.py::TestPredictRealConversion::test_no_complexwarning_when_tvd_called_on_predict PASSED [  7%]
tests/test_ablation_helpers.py::TestBinarySearchContract::test_m_cold_within_bounds PASSED [  8%]
tests/test_ablation_helpers.py::TestBinarySearchContract::test_m_warm_within_bounds PASSED [  8%]
tests/test_ablation_helpers.py::TestBinarySearchContract::test_m_cold_at_full_budget_passes_epsilon PASSED [  9%]
tests/test_ablation_helpers.py::TestBinarySearchContract::test_m_warm_at_full_budget_passes_epsilon PASSED [ 10%]
tests/test_ablation_helpers.py::TestBinarySearchContract::test_m_warm_not_pinned_to_m_max PASSED [ 10%]
tests/test_ablation_helpers.py::TestBinarySearchContract::test_m_warm_not_pinned_to_floor PASSED [ 11%]
tests/test_adaptive_boolean.py::test_uniform_oracle_converges PASSED     [ 12%]
tests/test_adaptive_boolean.py::test_adaptive_oracle_converges PASSED    [ 13%]
tests/test_adaptive_boolean.py::test_pilot_frac_zero_fallback PASSED     [ 13%]
tests/test_adaptive_boolean.py::test_weights_sum_to_one PASSED           [ 14%]
tests/test_adaptive_boolean.py::test_uniform_function_fallback PASSED    [ 15%]
tests/test_adaptive_boolean.py::test_off_support_entries_are_one PASSED  [ 16%]
tests/test_adaptive_boolean.py::test_adaptive_nk_improvement_factor PASSED [ 16%]
tests/test_adaptive_boolean.py::test_adaptive_beats_uniform_at_equal_M_large_N PASSED [ 17%]
tests/test_core.py::TestStateSketchFlat::test_norm_preservation PASSED   [ 18%]
tests/test_core.py::TestStateSketchFlat::test_reconstruction PASSED      [ 18%]
tests/test_core.py::TestStateSketchGeneral::test_success_probability_and_error PASSED [ 19%]
tests/test_core.py::TestOracleSketchBoolean::test_phase_oracle PASSED    [ 20%]
tests/test_core.py::TestOracleSketchMatrixElement::test_element_oracle PASSED [ 21%]
tests/test_core.py::TestOracleSketchMatrixRowIndex::test_index_reconstruction PASSED [ 21%]
tests/test_core.py::TestOracleSketchMatrixIndex::test_index_reconstruction_with_rank PASSED [ 22%]
tests/test_core.py::TestFullBlockEncoding::test_combined_block_encoding PASSED [ 23%]
tests/test_hierarchical_sketch.py::test_hierarchical_uses_fewer_samples_than_zhao_reference PASSED [ 24%]
tests/test_hierarchical_sketch.py::test_hierarchical_diagonal_accuracy_on_support PASSED [ 24%]
tests/test_hierarchical_sketch.py::test_more_levels_fewer_samples PASSED [ 25%]
tests/test_hierarchical_sketch.py::test_improvement_ratio_at_least_one PASSED [ 26%]
tests/test_interferometric_shadow.py::test_shadow_builds PASSED          [ 27%]
tests/test_interferometric_shadow.py::test_shadow_prediction_shape PASSED [ 27%]
tests/test_interferometric_shadow.py::test_shadow_error_bound PASSED     [ 28%]
tests/test_interferometric_shadow.py::test_shadow_predictions_bounded PASSED [ 29%]
tests/test_k_forrelation.py::test_k2_forrelation_matches_paper_formula PASSED [ 29%]
tests/test_k_forrelation.py::test_quantum_query_zero_error_for_exact_oracle PASSED [ 30%]
tests/test_k_forrelation.py::test_classical_complexity_increases_with_k PASSED [ 31%]
tests/test_k_forrelation.py::test_noise_degrades_forrelation_estimate PASSED [ 32%]
tests/test_kernel_shadow.py::test_kernel_is_nonnegative PASSED           [ 32%]
tests/test_kernel_shadow.py::test_kernel_diagonal_equals_one PASSED      [ 33%]
tests/test_kernel_shadow.py::test_kernel_svm_perfect_on_separable_data PASSED [ 34%]
tests/test_kernel_shadow.py::test_interferometric_prediction_binary PASSED [ 35%]
tests/test_kernel_shadow.py::test_prediction_uses_alpha_not_nearest_neighbor PASSED [ 35%]
tests/test_lower_bound.py::TestComputeBounds::test_improvement_factor_equals_N_over_K PASSED [ 36%]
tests/test_lower_bound.py::TestComputeBounds::test_uniform_greater_than_adaptive_for_sparse PASSED [ 37%]
tests/test_lower_bound.py::TestComputeBounds::test_lower_bound_scales_with_K PASSED [ 37%]
tests/test_lower_bound.py::TestComputeBounds::test_lower_bound_scales_inverse_epsilon_squared PASSED [ 38%]
tests/test_lower_bound.py::TestComputeBounds::test_is_tight_flag PASSED  [ 39%]
tests/test_lower_bound.py::TestComputeBounds::test_full_support_K_equals_N PASSED [ 40%]
tests/test_lower_bound.py::TestAdversarialSparseFunction::test_correct_support_size PASSED [ 40%]
tests/test_lower_bound.py::TestAdversarialSparseFunction::test_correct_shape PASSED [ 41%]
tests/test_lower_bound.py::TestAdversarialSparseFunction::test_different_keys_give_different_functions PASSED [ 42%]
tests/test_lower_bound.py::TestUniformVsAdaptiveErrorComparison::test_returns_correct_keys PASSED [ 43%]
tests/test_lower_bound.py::TestUniformVsAdaptiveErrorComparison::test_errors_are_nonnegative PASSED [ 43%]
tests/test_lower_bound.py::TestUniformVsAdaptiveErrorComparison::test_adaptive_not_worse_on_average PASSED [ 44%]
tests/test_lower_bound.py::TestNisqAdaptiveCrossover::test_noise_floor_within_range PASSED [ 45%]
tests/test_lower_bound.py::TestNisqAdaptiveCrossover::test_adaptive_beneficial_when_budget_remains PASSED [ 45%]
tests/test_lower_bound.py::TestNisqAdaptiveCrossover::test_improvement_factor_preserved_under_noise PASSED [ 46%]
tests/test_lower_bound.py::TestTightnessSweep::test_returns_list_of_bound_results PASSED [ 47%]
tests/test_lower_bound.py::TestTightnessSweep::test_improvement_increases_as_K_decreases PASSED [ 48%]
tests/test_noise_model.py::test_depolarizing_zero_noise_is_identity PASSED [ 48%]
tests/test_noise_model.py::test_depolarizing_high_noise_collapses_to_maximally_mixed PASSED [ 49%]
tests/test_noise_model.py::test_crossover_monotone_in_noise_rate PASSED  [ 50%]
tests/test_noise_model.py::test_compose_errors_triangle_inequality PASSED [ 51%]
tests/test_non_iid_scaling.py::test_iid_baseline_matches_theorem_d12 PASSED [ 51%]
tests/test_non_iid_scaling.py::test_error_increases_with_repetition_number PASSED [ 52%]
tests/test_non_iid_scaling.py::test_fit_exponent_returns_dict_with_keys PASSED [ 53%]
tests/test_primitives.py::test_amplitude_amplification_exact PASSED      [ 54%]
tests/test_primitives.py::test_amplitude_amplification_imperfect PASSED  [ 54%]
tests/test_primitives.py::test_amplitude_amplification_zero_norm_raises PASSED [ 55%]
tests/test_qsvt.py::test_get_qsvt_angles_even_polynomial PASSED          [ 56%]
tests/test_qsvt.py::test_get_qsvt_angles_odd_polynomial PASSED           [ 56%]
tests/test_qsvt.py::test_apply_qsvt_identity_approximation PASSED        [ 57%]
tests/test_qsvt.py::test_apply_qsvt_inverse PASSED                       [ 58%]
tests/test_qsvt.py::test_apply_qsvt_sign PASSED                          [ 59%]
tests/test_qsvt.py::test_apply_qsvt_diag PASSED                          [ 59%]
tests/test_qsvt.py::test_apply_qsvt_imperfect_noise PASSED               [ 60%]
tests/test_theory_fixes.py::test_variational_warmstart_beats_baseline PASSED [ 61%]
tests/test_theory_fixes.py::test_shadow_error_decays_with_T PASSED       [ 62%]
tests/test_tvd_core.py::test_normalization_probs_sum_to_one[2] PASSED    [ 62%]
tests/test_tvd_core.py::test_normalization_probs_sum_to_one[3] PASSED    [ 63%]
tests/test_tvd_core.py::test_normalization_probs_sum_to_one[4] PASSED    [ 64%]
tests/test_tvd_core.py::test_normalization_probs_sum_to_one[6] PASSED    [ 64%]
tests/test_tvd_core.py::test_identity_tvd_is_zero[2] PASSED              [ 65%]
tests/test_tvd_core.py::test_identity_tvd_is_zero[3] PASSED              [ 66%]
tests/test_tvd_core.py::test_identity_tvd_is_zero[4] PASSED              [ 67%]
tests/test_tvd_core.py::test_identity_tvd_is_zero[6] PASSED              [ 67%]
tests/test_tvd_core.py::test_tvd_negation_is_zero_parseval[2] PASSED     [ 68%]
tests/test_tvd_core.py::test_tvd_negation_is_zero_parseval[3] PASSED     [ 69%]
tests/test_tvd_core.py::test_tvd_negation_is_zero_parseval[4] PASSED     [ 70%]
tests/test_tvd_core.py::test_tvd_negation_is_zero_parseval[6] PASSED     [ 70%]
tests/test_tvd_core.py::test_tvd_symmetric[2] PASSED                     [ 71%]
tests/test_tvd_core.py::test_tvd_symmetric[3] PASSED                     [ 72%]
tests/test_tvd_core.py::test_tvd_symmetric[4] PASSED                     [ 72%]
tests/test_tvd_core.py::test_tvd_symmetric[6] PASSED                     [ 73%]
tests/test_tvd_core.py::test_tvd_in_unit_interval[2] PASSED              [ 74%]
tests/test_tvd_core.py::test_tvd_in_unit_interval[3] PASSED              [ 75%]
tests/test_tvd_core.py::test_tvd_in_unit_interval[4] PASSED              [ 75%]
tests/test_tvd_core.py::test_tvd_in_unit_interval[6] PASSED              [ 76%]
tests/test_tvd_core.py::test_tvd_triangle_inequality[2] PASSED           [ 77%]
tests/test_tvd_core.py::test_tvd_triangle_inequality[3] PASSED           [ 78%]
tests/test_tvd_core.py::test_tvd_triangle_inequality[4] PASSED           [ 78%]
tests/test_tvd_core.py::test_tvd_triangle_inequality[6] PASSED           [ 79%]
tests/test_tvd_core.py::test_tvd_orthogonal_diagonals_is_max[2] PASSED   [ 80%]
tests/test_tvd_core.py::test_tvd_orthogonal_diagonals_is_max[3] PASSED   [ 81%]
tests/test_tvd_core.py::test_tvd_orthogonal_diagonals_is_max[4] PASSED   [ 81%]
tests/test_tvd_core.py::test_tvd_orthogonal_diagonals_is_max[6] PASSED   [ 82%]
tests/test_tvd_core.py::test_single_bit_flip_tvd_scales_like_1_over_N[2] PASSED [ 83%]
tests/test_tvd_core.py::test_single_bit_flip_tvd_scales_like_1_over_N[3] PASSED [ 83%]
tests/test_tvd_core.py::test_single_bit_flip_tvd_scales_like_1_over_N[4] PASSED [ 84%]
tests/test_tvd_core.py::test_single_bit_flip_tvd_scales_like_1_over_N[6] PASSED [ 85%]
tests/test_tvd_core.py::test_tvd_handles_complex_input_silently PASSED   [ 86%]
tests/test_utils.py::test_unnormalized_hadamard PASSED                   [ 86%]
tests/test_utils.py::test_random_unit_vector PASSED                      [ 87%]
tests/test_utils.py::test_random_flat_vector PASSED                      [ 88%]
tests/test_utils.py::test_random_sparse_matrix PASSED                    [ 89%]
tests/test_utils.py::test_random_sparse_matrix_row_sparsity PASSED       [ 89%]
tests/test_utils.py::test_laplacian_matrix PASSED                        [ 90%]
tests/test_utils.py::test_generate_random_unitary PASSED                 [ 91%]
tests/test_utils.py::test_generate_random_hermitian PASSED               [ 91%]
tests/test_utils.py::test_halmos_dilation PASSED                         [ 92%]
tests/test_utils.py::test_hermitian_block_encoding PASSED                [ 93%]
tests/test_utils.py::test_get_block_encoded_raises PASSED                [ 94%]
tests/test_variational_warmstart.py::test_variational_loss_decreases PASSED [ 94%]
tests/test_variational_warmstart.py::test_variational_oracle_bounded PASSED [ 95%]
tests/test_variational_warmstart.py::test_variational_basis_shape PASSED [ 96%]
tests/test_warmstart_e2e.py::test_full_pipeline_converges_at_full_budget PASSED [ 97%]
tests/test_warmstart_e2e.py::test_diagnose_warmstart_rejects_random_prediction PASSED [ 97%]
tests/test_warmstart_e2e.py::test_cold_sketch_tvd_monotone_in_budget PASSED [ 98%]
tests/test_warmstart_e2e.py::test_predict_real_is_pm_one_after_fit PASSED [ 99%]
tests/test_warmstart_e2e.py::test_complex_input_does_not_corrupt_real_path PASSED [100%]

======================= 137 passed in 100.73s (0:01:40) ========================
